<?xml version="1.0" encoding="UTF-8"?>
<testsuite xmlns:xsi="http://www.w3.org/2001/XMLSchema-instance" xsi:noNamespaceSchemaLocation="https://maven.apache.org/surefire/maven-surefire-plugin/xsd/surefire-test-report.xsd" name="ambovombe.AppTest" time="0.038" tests="1" errors="0" skipped="0" failures="0">
  <properties>
    <property name="java.specification.version" value="21"/>
    <property name="sun.jnu.encoding" value="UTF-8"/>
    <property name="java.class.path" value="/home/fanilo/Documents/L3/Collaboration-Framework/DAO-maven/target/test-classes:/home/fanilo/Documents/L3/Collaboration-Framework/DAO-maven/target/classes:/home/fanilo/.m2/repository/junit/junit/4.11/junit-4.11.jar:/home/fanilo/.m2/repository/org/hamcrest/hamcrest-core/1.3/hamcrest-core-1.3.jar:/home/fanilo/.m2/repository/org/postgresql/postgresql/42.6.0/postgresql-42.6.0.jar:/home/fanilo/.m2/repository/org/checkerframework/checker-qual/3.31.0/checker-qual-3.31.0.jar:/home/fanilo/.m2/repository/com/mysql/mysql-connector-j/8.2.0/mysql-connector-j-8.2.0.jar:/home/fanilo/.m2/repository/com/google/protobuf/protobuf-java/3.21.9/protobuf-java-3.21.9.jar:/home/fanilo/.m2/repository/com/oracle/database/jdbc/ojdbc10/19.21.0.0/ojdbc10-19.21.0.0.jar:/home/fanilo/.m2/repository/org/xerial/sqlite-jdbc/3.43.2.2/sqlite-jdbc-3.43.2.2.jar:/home/fanilo/.m2/repository/org/slf4j/slf4j-api/1.7.36/slf4j-api-1.7.36.jar:"/>
    <property name="java.vm.vendor" value="Oracle Corporation"/>
    <property name="sun.arch.data.model" value="64"/>
    <property name="java.vendor.url" value="https://openjdk.org/"/>
    <property name="os.name" value="Linux"/>
    <property name="java.vm.specification.version" value="21"/>
    <property name="sun.java.launcher" value="SUN_STANDARD"/>
    <property name="user.country" value="US"/>
    <property name="sun.boot.library.path" value="/usr/lib/jvm/java-21-openjdk/lib"/>
    <property name="sun.java.command" value="/home/fanilo/Documents/L3/Collaboration-Framework/DAO-maven/target/surefire/surefirebooter15745849341811817451.jar /home/fanilo/Documents/L3/Collaboration-Framework/DAO-maven/target/surefire 2023-11-13T11-14-58_684-jvmRun1 surefire10161284968505849035tmp surefire_03051311259096749070tmp"/>
    <property name="jdk.debug" value="release"/>
    <property name="surefire.test.class.path" value="/home/fanilo/Documents/L3/Collaboration-Framework/DAO-maven/target/test-classes:/home/fanilo/Documents/L3/Collaboration-Framework/DAO-maven/target/classes:/home/fanilo/.m2/repository/junit/junit/4.11/junit-4.11.jar:/home/fanilo/.m2/repository/org/hamcrest/hamcrest-core/1.3/hamcrest-core-1.3.jar:/home/fanilo/.m2/repository/org/postgresql/postgresql/42.6.0/postgresql-42.6.0.jar:/home/fanilo/.m2/repository/org/checkerframework/checker-qual/3.31.0/checker-qual-3.31.0.jar:/home/fanilo/.m2/repository/com/mysql/mysql-connector-j/8.2.0/mysql-connector-j-8.2.0.jar:/home/fanilo/.m2/repository/com/google/protobuf/protobuf-java/3.21.9/protobuf-java-3.21.9.jar:/home/fanilo/.m2/repository/com/oracle/database/jdbc/ojdbc10/19.21.0.0/ojdbc10-19.21.0.0.jar:/home/fanilo/.m2/repository/org/xerial/sqlite-jdbc/3.43.2.2/sqlite-jdbc-3.43.2.2.jar:/home/fanilo/.m2/repository/org/slf4j/slf4j-api/1.7.36/slf4j-api-1.7.36.jar:"/>
    <property name="sun.cpu.endian" value="little"/>
    <property name="user.home" value="/home/fanilo"/>
    <property name="user.language" value="en"/>
    <property name="java.specification.vendor" value="Oracle Corporation"/>
    <property name="java.version.date" value="2023-09-19"/>
    <property name="java.home" value="/usr/lib/jvm/java-21-openjdk"/>
    <property name="file.separator" value="/"/>
    <property name="basedir" value="/home/fanilo/Documents/L3/Collaboration-Framework/DAO-maven"/>
    <property name="java.vm.compressedOopsMode" value="32-bit"/>
    <property name="line.separator" value="&#10;"/>
    <property name="java.specification.name" value="Java Platform API Specification"/>
    <property name="java.vm.specification.vendor" value="Oracle Corporation"/>
    <property name="surefire.real.class.path" value="/home/fanilo/Documents/L3/Collaboration-Framework/DAO-maven/target/surefire/surefirebooter15745849341811817451.jar"/>
    <property name="sun.management.compiler" value="HotSpot 64-Bit Tiered Compilers"/>
    <property name="java.runtime.version" value="21+35"/>
    <property name="user.name" value="fanilo"/>
    <property name="stdout.encoding" value="UTF-8"/>
    <property name="path.separator" value=":"/>
    <property name="os.version" value="6.5.7-arch1-1"/>
    <property name="java.runtime.name" value="OpenJDK Runtime Environment"/>
    <property name="file.encoding" value="UTF-8"/>
    <property name="java.vm.name" value="OpenJDK 64-Bit Server VM"/>
    <property name="localRepository" value="/home/fanilo/.m2/repository"/>
    <property name="java.vendor.url.bug" value="https://bugreport.java.com/bugreport/"/>
    <property name="java.io.tmpdir" value="/tmp"/>
    <property name="java.version" value="21"/>
    <property name="user.dir" value="/home/fanilo/Documents/L3/Collaboration-Framework/DAO-maven"/>
    <property name="os.arch" value="amd64"/>
    <property name="java.vm.specification.name" value="Java Virtual Machine Specification"/>
    <property name="native.encoding" value="UTF-8"/>
    <property name="java.library.path" value="/usr/java/packages/lib:/usr/lib64:/lib64:/lib:/usr/lib"/>
    <property name="java.vm.info" value="mixed mode, sharing"/>
    <property name="stderr.encoding" value="UTF-8"/>
    <property name="java.vendor" value="N/A"/>
    <property name="java.vm.version" value="21+35"/>
    <property name="sun.io.unicode.encoding" value="UnicodeLittle"/>
    <property name="java.class.version" value="65.0"/>
  </properties>
  <testcase name="shouldAnswerWithTrue" classname="ambovombe.AppTest" time="0.004"/>
</testsuite>