<?xml version="1.0" encoding="UTF-8"?>
<testsuite xmlns:xsi="http://www.w3.org/2001/XMLSchema-instance" xsi:noNamespaceSchemaLocation="https://maven.apache.org/surefire/maven-surefire-plugin/xsd/surefire-test-report.xsd" name="ambovombe.AppTest" time="0.022" tests="1" errors="1" skipped="0" failures="0">
  <properties>
    <property name="java.specification.version" value="17"/>
    <property name="sun.jnu.encoding" value="UTF-8"/>
    <property name="java.class.path" value="/home/fabien/Documents/GitHub/Collaboration-Framework/DAO-maven/target/test-classes:/home/fabien/Documents/GitHub/Collaboration-Framework/DAO-maven/target/classes:/home/fabien/.m2/repository/junit/junit/4.11/junit-4.11.jar:/home/fabien/.m2/repository/org/hamcrest/hamcrest-core/1.3/hamcrest-core-1.3.jar:/home/fabien/.m2/repository/org/postgresql/postgresql/42.6.0/postgresql-42.6.0.jar:/home/fabien/.m2/repository/org/checkerframework/checker-qual/3.31.0/checker-qual-3.31.0.jar:/home/fabien/.m2/repository/com/mysql/mysql-connector-j/8.2.0/mysql-connector-j-8.2.0.jar:/home/fabien/.m2/repository/com/google/protobuf/protobuf-java/3.21.9/protobuf-java-3.21.9.jar:/home/fabien/.m2/repository/com/oracle/database/jdbc/ojdbc10/19.21.0.0/ojdbc10-19.21.0.0.jar:/home/fabien/.m2/repository/org/xerial/sqlite-jdbc/3.43.2.2/sqlite-jdbc-3.43.2.2.jar:/home/fabien/.m2/repository/org/slf4j/slf4j-api/1.7.36/slf4j-api-1.7.36.jar:"/>
    <property name="java.vm.vendor" value="Debian"/>
    <property name="sun.arch.data.model" value="64"/>
    <property name="swing.aatext" value="true"/>
    <property name="java.vendor.url" value="https://tracker.debian.org/openjdk-17"/>
    <property name="os.name" value="Linux"/>
    <property name="java.vm.specification.version" value="17"/>
    <property name="sun.java.launcher" value="SUN_STANDARD"/>
    <property name="user.country" value="US"/>
    <property name="sun.boot.library.path" value="/usr/lib/jvm/java-17-openjdk-amd64/lib"/>
    <property name="sun.java.command" value="/home/fabien/Documents/GitHub/Collaboration-Framework/DAO-maven/target/surefire/surefirebooter11953449489585070268.jar /home/fabien/Documents/GitHub/Collaboration-Framework/DAO-maven/target/surefire 2023-11-22T10-01-43_844-jvmRun1 surefire14569480643717153130tmp surefire_017386860011826640402tmp"/>
    <property name="jdk.debug" value="release"/>
    <property name="surefire.test.class.path" value="/home/fabien/Documents/GitHub/Collaboration-Framework/DAO-maven/target/test-classes:/home/fabien/Documents/GitHub/Collaboration-Framework/DAO-maven/target/classes:/home/fabien/.m2/repository/junit/junit/4.11/junit-4.11.jar:/home/fabien/.m2/repository/org/hamcrest/hamcrest-core/1.3/hamcrest-core-1.3.jar:/home/fabien/.m2/repository/org/postgresql/postgresql/42.6.0/postgresql-42.6.0.jar:/home/fabien/.m2/repository/org/checkerframework/checker-qual/3.31.0/checker-qual-3.31.0.jar:/home/fabien/.m2/repository/com/mysql/mysql-connector-j/8.2.0/mysql-connector-j-8.2.0.jar:/home/fabien/.m2/repository/com/google/protobuf/protobuf-java/3.21.9/protobuf-java-3.21.9.jar:/home/fabien/.m2/repository/com/oracle/database/jdbc/ojdbc10/19.21.0.0/ojdbc10-19.21.0.0.jar:/home/fabien/.m2/repository/org/xerial/sqlite-jdbc/3.43.2.2/sqlite-jdbc-3.43.2.2.jar:/home/fabien/.m2/repository/org/slf4j/slf4j-api/1.7.36/slf4j-api-1.7.36.jar:"/>
    <property name="sun.cpu.endian" value="little"/>
    <property name="user.home" value="/home/fabien"/>
    <property name="user.language" value="en"/>
    <property name="java.specification.vendor" value="Oracle Corporation"/>
    <property name="java.version.date" value="2023-10-17"/>
    <property name="java.home" value="/usr/lib/jvm/java-17-openjdk-amd64"/>
    <property name="file.separator" value="/"/>
    <property name="basedir" value="/home/fabien/Documents/GitHub/Collaboration-Framework/DAO-maven"/>
    <property name="java.vm.compressedOopsMode" value="Zero based"/>
    <property name="line.separator" value="&#10;"/>
    <property name="java.specification.name" value="Java Platform API Specification"/>
    <property name="java.vm.specification.vendor" value="Oracle Corporation"/>
    <property name="surefire.real.class.path" value="/home/fabien/Documents/GitHub/Collaboration-Framework/DAO-maven/target/surefire/surefirebooter11953449489585070268.jar"/>
    <property name="awt.useSystemAAFontSettings" value="on"/>
    <property name="sun.management.compiler" value="HotSpot 64-Bit Tiered Compilers"/>
    <property name="java.runtime.version" value="17.0.9+9-Debian-2"/>
    <property name="user.name" value="fabien"/>
    <property name="path.separator" value=":"/>
    <property name="os.version" value="6.5.0-kali3-amd64"/>
    <property name="java.runtime.name" value="OpenJDK Runtime Environment"/>
    <property name="file.encoding" value="UTF-8"/>
    <property name="java.vm.name" value="OpenJDK 64-Bit Server VM"/>
    <property name="localRepository" value="/home/fabien/.m2/repository"/>
    <property name="java.vendor.url.bug" value="https://bugs.debian.org/openjdk-17"/>
    <property name="java.io.tmpdir" value="/tmp"/>
    <property name="java.version" value="17.0.9"/>
    <property name="user.dir" value="/home/fabien/Documents/GitHub/Collaboration-Framework/DAO-maven"/>
    <property name="os.arch" value="amd64"/>
    <property name="java.vm.specification.name" value="Java Virtual Machine Specification"/>
    <property name="native.encoding" value="UTF-8"/>
    <property name="java.library.path" value="/usr/java/packages/lib:/usr/lib/x86_64-linux-gnu/jni:/lib/x86_64-linux-gnu:/usr/lib/x86_64-linux-gnu:/usr/lib/jni:/lib:/usr/lib"/>
    <property name="java.vm.info" value="mixed mode, sharing"/>
    <property name="java.vendor" value="Debian"/>
    <property name="java.vm.version" value="17.0.9+9-Debian-2"/>
    <property name="sun.io.unicode.encoding" value="UnicodeLittle"/>
    <property name="java.class.version" value="61.0"/>
  </properties>
  <testcase name="initializationError" classname="ambovombe.AppTest" time="0.007">
    <error message="Test class can only have one constructor" type="java.lang.IllegalArgumentException">java.lang.IllegalArgumentException: Test class can only have one constructor
</error>
  </testcase>
</testsuite>